<?xml version="1.0" encoding="UTF-8"?>
<!-- Generated by org.testng.reporters.JUnitReportReporter -->
<testsuite name="dd_tests.submitTest" tests="1" time="6.000" ignored="0" failures="0" timestamp="26 Apr 2017 19:47:57 GMT" skipped="0" hostname="BEDI-PC" errors="0">
  <testcase name="valFirstName" time="6.000" classname="dd_tests.submitTest"/>
</testsuite> <!-- dd_tests.submitTest -->
