<?xml version="1.0" encoding="UTF-8"?>
<!-- Generated by org.testng.reporters.JUnitReportReporter -->
<testsuite name="dd_tests.formatTest" tests="25" time="62.064" ignored="0" failures="0" timestamp="26 Apr 2017 19:47:57 GMT" skipped="0" hostname="BEDI-PC" errors="0">
  <testcase name="valFirstName" time="2.535" classname="dd_tests.formatTest"/>
  <testcase name="valLastName" time="2.404" classname="dd_tests.formatTest"/>
  <testcase name="valPhone" time="2.230" classname="dd_tests.formatTest"/>
  <testcase name="valLastName" time="2.784" classname="dd_tests.formatTest"/>
  <testcase name="valFirstName" time="2.388" classname="dd_tests.formatTest"/>
  <testcase name="valPhone" time="2.378" classname="dd_tests.formatTest"/>
  <testcase name="valPhone" time="2.367" classname="dd_tests.formatTest"/>
  <testcase name="valPhone" time="2.361" classname="dd_tests.formatTest"/>
  <testcase name="valFirstName" time="2.373" classname="dd_tests.formatTest"/>
  <testcase name="valPhone" time="2.623" classname="dd_tests.formatTest"/>
  <testcase name="valFirstName" time="2.296" classname="dd_tests.formatTest"/>
  <testcase name="valPhone" time="2.234" classname="dd_tests.formatTest"/>
  <testcase name="valLastName" time="2.377" classname="dd_tests.formatTest"/>
  <testcase name="valPhone" time="2.406" classname="dd_tests.formatTest"/>
  <testcase name="valPhone" time="2.536" classname="dd_tests.formatTest"/>
  <testcase name="valPhone" time="2.502" classname="dd_tests.formatTest"/>
  <testcase name="valPhone" time="2.285" classname="dd_tests.formatTest"/>
  <testcase name="valFirstName" time="2.505" classname="dd_tests.formatTest"/>
  <testcase name="valLastName" time="2.593" classname="dd_tests.formatTest"/>
  <testcase name="valLastName" time="3.789" classname="dd_tests.formatTest"/>
  <testcase name="valFirstName" time="2.702" classname="dd_tests.formatTest"/>
  <testcase name="valLastName" time="2.317" classname="dd_tests.formatTest"/>
  <testcase name="valPhone" time="2.398" classname="dd_tests.formatTest"/>
  <testcase name="valLastName" time="2.341" classname="dd_tests.formatTest"/>
  <testcase name="valFirstName" time="2.340" classname="dd_tests.formatTest"/>
</testsuite> <!-- dd_tests.formatTest -->
