<?xml version="1.0" encoding="UTF-8"?>
<!-- Generated by org.testng.reporters.JUnitReportReporter -->
<testsuite name="dd_tests.MessageTest" tests="1" time="18.073" ignored="0" failures="0" timestamp="13 Mar 2017 00:21:37 GMT" skipped="0" hostname="BEDI-PC" errors="0">
  <testcase name="SendMessage" time="18.073" classname="dd_tests.MessageTest"/>
</testsuite> <!-- dd_tests.MessageTest -->
