<?xml version="1.0" encoding="UTF-8"?>
<!-- Generated by org.testng.reporters.JUnitReportReporter -->
<testsuite name="dd_tests.AddAttachment" tests="1" time="0.000" ignored="0" failures="0" timestamp="11 Mar 2017 07:42:10 GMT" skipped="1" hostname="BEDI-PC" errors="0">
  <testcase name="attachFile" time="0.000" classname="dd_tests.AddAttachment">
    <skipped/>
  </testcase> <!-- attachFile -->
</testsuite> <!-- dd_tests.AddAttachment -->
