<?xml version="1.0" encoding="UTF-8"?>
<!-- Generated by org.testng.reporters.JUnitReportReporter -->
<testsuite name="dd_tests.LoginTest" tests="1" time="19.578" ignored="0" failures="0" timestamp="15 Mar 2017 06:23:44 GMT" skipped="0" hostname="BEDI-PC" errors="0">
  <testcase name="doLogin" time="19.578" classname="dd_tests.LoginTest"/>
</testsuite> <!-- dd_tests.LoginTest -->
