<?xml version="1.0" encoding="UTF-8"?>
<!-- Generated by org.testng.reporters.JUnitReportReporter -->
<testsuite name="dd_tests.Test_2" tests="3" time="2.153" ignored="0" failures="0" timestamp="11 Apr 2017 08:16:40 GMT" skipped="0" hostname="BEDI-PC" errors="0">
  <testcase name="valFirstName" time="0.780" classname="dd_tests.Test_2"/>
  <testcase name="valLastName" time="0.666" classname="dd_tests.Test_2"/>
  <testcase name="valPhone" time="0.707" classname="dd_tests.Test_2"/>
</testsuite> <!-- dd_tests.Test_2 -->
