<?xml version="1.0" encoding="UTF-8"?>
<!-- Generated by org.testng.reporters.JUnitReportReporter -->
<testsuite name="dd_tests.mandFieldTest" tests="3" time="11.883" ignored="0" failures="0" timestamp="26 Apr 2017 19:47:57 GMT" skipped="0" hostname="BEDI-PC" errors="0">
  <testcase name="valLastName" time="2.295" classname="dd_tests.mandFieldTest"/>
  <testcase name="valFirstName" time="7.312" classname="dd_tests.mandFieldTest"/>
  <testcase name="valPhone" time="2.276" classname="dd_tests.mandFieldTest"/>
</testsuite> <!-- dd_tests.mandFieldTest -->
