<?xml version="1.0" encoding="UTF-8"?>
<!-- Generated by org.testng.reporters.JUnitReportReporter -->
<testsuite name="dd_tests.Test_1" tests="25" time="16.598" ignored="0" failures="0" timestamp="11 Apr 2017 07:56:29 GMT" skipped="0" hostname="BEDI-PC" errors="0">
  <testcase name="valPhone" time="0.605" classname="dd_tests.Test_1"/>
  <testcase name="valLastName" time="0.650" classname="dd_tests.Test_1"/>
  <testcase name="valPhone" time="0.641" classname="dd_tests.Test_1"/>
  <testcase name="valFirstName" time="0.821" classname="dd_tests.Test_1"/>
  <testcase name="valFirstName" time="0.647" classname="dd_tests.Test_1"/>
  <testcase name="valLastName" time="0.651" classname="dd_tests.Test_1"/>
  <testcase name="valPhone" time="0.669" classname="dd_tests.Test_1"/>
  <testcase name="valPhone" time="0.641" classname="dd_tests.Test_1"/>
  <testcase name="valPhone" time="0.651" classname="dd_tests.Test_1"/>
  <testcase name="valPhone" time="0.598" classname="dd_tests.Test_1"/>
  <testcase name="valPhone" time="0.614" classname="dd_tests.Test_1"/>
  <testcase name="valFirstName" time="0.687" classname="dd_tests.Test_1"/>
  <testcase name="valPhone" time="0.682" classname="dd_tests.Test_1"/>
  <testcase name="valLastName" time="0.653" classname="dd_tests.Test_1"/>
  <testcase name="valLastName" time="0.667" classname="dd_tests.Test_1"/>
  <testcase name="valPhone" time="0.614" classname="dd_tests.Test_1"/>
  <testcase name="valFirstName" time="0.648" classname="dd_tests.Test_1"/>
  <testcase name="valLastName" time="0.707" classname="dd_tests.Test_1"/>
  <testcase name="valLastName" time="0.644" classname="dd_tests.Test_1"/>
  <testcase name="valPhone" time="0.694" classname="dd_tests.Test_1"/>
  <testcase name="valPhone" time="0.677" classname="dd_tests.Test_1"/>
  <testcase name="valFirstName" time="0.704" classname="dd_tests.Test_1"/>
  <testcase name="valFirstName" time="0.742" classname="dd_tests.Test_1"/>
  <testcase name="valLastName" time="0.631" classname="dd_tests.Test_1"/>
  <testcase name="valFirstName" time="0.660" classname="dd_tests.Test_1"/>
</testsuite> <!-- dd_tests.Test_1 -->
