<?xml version="1.0" encoding="UTF-8"?>
<!-- Generated by org.testng.reporters.JUnitReportReporter -->
<testsuite name="dd_tests.statusTest" tests="1" time="30.187" ignored="0" failures="0" timestamp="13 Mar 2017 01:52:23 GMT" skipped="0" hostname="BEDI-PC" errors="0">
  <testcase name="updateStatus" time="30.187" classname="dd_tests.statusTest"/>
</testsuite> <!-- dd_tests.statusTest -->
