<?xml version="1.0" encoding="UTF-8"?>
<!-- Generated by org.testng.reporters.JUnitReportReporter -->
<testsuite name="dd_tests.dpUploadTest" tests="1" time="2.201" ignored="0" failures="0" timestamp="15 Mar 2017 06:23:43 GMT" skipped="0" hostname="BEDI-PC" errors="0">
  <testcase name="uploadDp" time="2.201" classname="dd_tests.dpUploadTest"/>
</testsuite> <!-- dd_tests.dpUploadTest -->
